root@kali:~# nmap -n -A -p0-65535 192.168.2.66

Starting Nmap 6.47 ( http://nmap.org ) at 2015-08-19 05:24 JST
Nmap scan report for 192.168.2.66
Host is up (0.00018s latency).
Not shown: 65435 filtered ports
PORT     STATE SERVICE VERSION
22/tcp   open  ssh     OpenSSH 5.3 (protocol 2.0)
| ssh-hostkey: 
|   1024 bc:92:50:82:82:bc:d0:ab:b8:a2:6f:34:bb:f7:fd:bd (DSA)
|_  2048 ea:63:6a:de:44:98:c3:c9:35:88:d7:e9:81:cc:f7:47 (RSA)
2200/tcp open  ssh     OpenSSH 5.3 (protocol 2.0)
| ssh-hostkey: 
|   1024 bc:92:50:82:82:bc:d0:ab:b8:a2:6f:34:bb:f7:fd:bd (DSA)
|_  2048 ea:63:6a:de:44:98:c3:c9:35:88:d7:e9:81:cc:f7:47 (RSA)
2201/tcp open  ssh     OpenSSH 5.3 (protocol 2.0)
| ssh-hostkey: 
|   1024 bc:92:50:82:82:bc:d0:ab:b8:a2:6f:34:bb:f7:fd:bd (DSA)
|_  2048 ea:63:6a:de:44:98:c3:c9:35:88:d7:e9:81:cc:f7:47 (RSA)
2202/tcp open  ssh     OpenSSH 5.3 (protocol 2.0)
| ssh-hostkey: 
|   1024 bc:92:50:82:82:bc:d0:ab:b8:a2:6f:34:bb:f7:fd:bd (DSA)
|_  2048 ea:63:6a:de:44:98:c3:c9:35:88:d7:e9:81:cc:f7:47 (RSA)
2203/tcp open  ssh     OpenSSH 5.3 (protocol 2.0)
| ssh-hostkey: 
|   1024 bc:92:50:82:82:bc:d0:ab:b8:a2:6f:34:bb:f7:fd:bd (DSA)
|_  2048 ea:63:6a:de:44:98:c3:c9:35:88:d7:e9:81:cc:f7:47 (RSA)
2204/tcp open  ssh     OpenSSH 5.3 (protocol 2.0)
| ssh-hostkey: 
|   1024 bc:92:50:82:82:bc:d0:ab:b8:a2:6f:34:bb:f7:fd:bd (DSA)
|_  2048 ea:63:6a:de:44:98:c3:c9:35:88:d7:e9:81:cc:f7:47 (RSA)
2205/tcp open  ssh     OpenSSH 5.3 (protocol 2.0)
| ssh-hostkey: 
|   1024 bc:92:50:82:82:bc:d0:ab:b8:a2:6f:34:bb:f7:fd:bd (DSA)
|_  2048 ea:63:6a:de:44:98:c3:c9:35:88:d7:e9:81:cc:f7:47 (RSA)
2206/tcp open  ssh     OpenSSH 5.3 (protocol 2.0)
| ssh-hostkey: 
|   1024 bc:92:50:82:82:bc:d0:ab:b8:a2:6f:34:bb:f7:fd:bd (DSA)
|_  2048 ea:63:6a:de:44:98:c3:c9:35:88:d7:e9:81:cc:f7:47 (RSA)
2207/tcp open  ssh     OpenSSH 5.3 (protocol 2.0)
| ssh-hostkey: 
|   1024 bc:92:50:82:82:bc:d0:ab:b8:a2:6f:34:bb:f7:fd:bd (DSA)
|_  2048 ea:63:6a:de:44:98:c3:c9:35:88:d7:e9:81:cc:f7:47 (RSA)
2208/tcp open  ssh     OpenSSH 5.3 (protocol 2.0)
| ssh-hostkey: 
|   1024 bc:92:50:82:82:bc:d0:ab:b8:a2:6f:34:bb:f7:fd:bd (DSA)
|_  2048 ea:63:6a:de:44:98:c3:c9:35:88:d7:e9:81:cc:f7:47 (RSA)
2209/tcp open  ssh     OpenSSH 5.3 (protocol 2.0)
| ssh-hostkey: 
|   1024 bc:92:50:82:82:bc:d0:ab:b8:a2:6f:34:bb:f7:fd:bd (DSA)
|_  2048 ea:63:6a:de:44:98:c3:c9:35:88:d7:e9:81:cc:f7:47 (RSA)
2210/tcp open  ssh     OpenSSH 5.3 (protocol 2.0)
| ssh-hostkey: 
|   1024 bc:92:50:82:82:bc:d0:ab:b8:a2:6f:34:bb:f7:fd:bd (DSA)
|_  2048 ea:63:6a:de:44:98:c3:c9:35:88:d7:e9:81:cc:f7:47 (RSA)
2211/tcp open  ssh     OpenSSH 5.3 (protocol 2.0)
| ssh-hostkey: 
|   1024 bc:92:50:82:82:bc:d0:ab:b8:a2:6f:34:bb:f7:fd:bd (DSA)
|_  2048 ea:63:6a:de:44:98:c3:c9:35:88:d7:e9:81:cc:f7:47 (RSA)
2212/tcp open  ssh     OpenSSH 5.3 (protocol 2.0)
| ssh-hostkey: 
|   1024 bc:92:50:82:82:bc:d0:ab:b8:a2:6f:34:bb:f7:fd:bd (DSA)
|_  2048 ea:63:6a:de:44:98:c3:c9:35:88:d7:e9:81:cc:f7:47 (RSA)
2213/tcp open  ssh     OpenSSH 5.3 (protocol 2.0)
| ssh-hostkey: 
|   1024 bc:92:50:82:82:bc:d0:ab:b8:a2:6f:34:bb:f7:fd:bd (DSA)
|_  2048 ea:63:6a:de:44:98:c3:c9:35:88:d7:e9:81:cc:f7:47 (RSA)
2214/tcp open  ssh     OpenSSH 5.3 (protocol 2.0)
| ssh-hostkey: 
|   1024 bc:92:50:82:82:bc:d0:ab:b8:a2:6f:34:bb:f7:fd:bd (DSA)
|_  2048 ea:63:6a:de:44:98:c3:c9:35:88:d7:e9:81:cc:f7:47 (RSA)
2215/tcp open  ssh     OpenSSH 5.3 (protocol 2.0)
| ssh-hostkey: 
|   1024 bc:92:50:82:82:bc:d0:ab:b8:a2:6f:34:bb:f7:fd:bd (DSA)
|_  2048 ea:63:6a:de:44:98:c3:c9:35:88:d7:e9:81:cc:f7:47 (RSA)
2216/tcp open  ssh     OpenSSH 5.3 (protocol 2.0)
| ssh-hostkey: 
|   1024 bc:92:50:82:82:bc:d0:ab:b8:a2:6f:34:bb:f7:fd:bd (DSA)
|_  2048 ea:63:6a:de:44:98:c3:c9:35:88:d7:e9:81:cc:f7:47 (RSA)
2217/tcp open  ssh     OpenSSH 5.3 (protocol 2.0)
| ssh-hostkey: 
|   1024 bc:92:50:82:82:bc:d0:ab:b8:a2:6f:34:bb:f7:fd:bd (DSA)
|_  2048 ea:63:6a:de:44:98:c3:c9:35:88:d7:e9:81:cc:f7:47 (RSA)
2218/tcp open  ssh     OpenSSH 5.3 (protocol 2.0)
| ssh-hostkey: 
|   1024 bc:92:50:82:82:bc:d0:ab:b8:a2:6f:34:bb:f7:fd:bd (DSA)
|_  2048 ea:63:6a:de:44:98:c3:c9:35:88:d7:e9:81:cc:f7:47 (RSA)
2219/tcp open  ssh     OpenSSH 5.3 (protocol 2.0)
| ssh-hostkey: 
|   1024 bc:92:50:82:82:bc:d0:ab:b8:a2:6f:34:bb:f7:fd:bd (DSA)
|_  2048 ea:63:6a:de:44:98:c3:c9:35:88:d7:e9:81:cc:f7:47 (RSA)
2220/tcp open  ssh     OpenSSH 5.3 (protocol 2.0)
| ssh-hostkey: 
|   1024 bc:92:50:82:82:bc:d0:ab:b8:a2:6f:34:bb:f7:fd:bd (DSA)
|_  2048 ea:63:6a:de:44:98:c3:c9:35:88:d7:e9:81:cc:f7:47 (RSA)
2221/tcp open  ssh     OpenSSH 5.3 (protocol 2.0)
| ssh-hostkey: 
|   1024 bc:92:50:82:82:bc:d0:ab:b8:a2:6f:34:bb:f7:fd:bd (DSA)
|_  2048 ea:63:6a:de:44:98:c3:c9:35:88:d7:e9:81:cc:f7:47 (RSA)
2222/tcp open  ssh     OpenSSH 5.3 (protocol 2.0)
| ssh-hostkey: 
|   1024 bc:92:50:82:82:bc:d0:ab:b8:a2:6f:34:bb:f7:fd:bd (DSA)
|_  2048 ea:63:6a:de:44:98:c3:c9:35:88:d7:e9:81:cc:f7:47 (RSA)
2223/tcp open  ssh     OpenSSH 5.3 (protocol 2.0)
| ssh-hostkey: 
|   1024 bc:92:50:82:82:bc:d0:ab:b8:a2:6f:34:bb:f7:fd:bd (DSA)
|_  2048 ea:63:6a:de:44:98:c3:c9:35:88:d7:e9:81:cc:f7:47 (RSA)
2224/tcp open  ssh     OpenSSH 5.3 (protocol 2.0)
| ssh-hostkey: 
|   1024 bc:92:50:82:82:bc:d0:ab:b8:a2:6f:34:bb:f7:fd:bd (DSA)
|_  2048 ea:63:6a:de:44:98:c3:c9:35:88:d7:e9:81:cc:f7:47 (RSA)
2225/tcp open  ssh     OpenSSH 5.3 (protocol 2.0)
| ssh-hostkey: 
|   1024 bc:92:50:82:82:bc:d0:ab:b8:a2:6f:34:bb:f7:fd:bd (DSA)
|_  2048 ea:63:6a:de:44:98:c3:c9:35:88:d7:e9:81:cc:f7:47 (RSA)
2226/tcp open  ssh     OpenSSH 5.3 (protocol 2.0)
| ssh-hostkey: 
|   1024 bc:92:50:82:82:bc:d0:ab:b8:a2:6f:34:bb:f7:fd:bd (DSA)
|_  2048 ea:63:6a:de:44:98:c3:c9:35:88:d7:e9:81:cc:f7:47 (RSA)
2227/tcp open  ssh     OpenSSH 5.3 (protocol 2.0)
| ssh-hostkey: 
|   1024 bc:92:50:82:82:bc:d0:ab:b8:a2:6f:34:bb:f7:fd:bd (DSA)
|_  2048 ea:63:6a:de:44:98:c3:c9:35:88:d7:e9:81:cc:f7:47 (RSA)
2228/tcp open  ssh     OpenSSH 5.3 (protocol 2.0)
| ssh-hostkey: 
|   1024 bc:92:50:82:82:bc:d0:ab:b8:a2:6f:34:bb:f7:fd:bd (DSA)
|_  2048 ea:63:6a:de:44:98:c3:c9:35:88:d7:e9:81:cc:f7:47 (RSA)
2229/tcp open  ssh     OpenSSH 5.3 (protocol 2.0)
| ssh-hostkey: 
|   1024 bc:92:50:82:82:bc:d0:ab:b8:a2:6f:34:bb:f7:fd:bd (DSA)
|_  2048 ea:63:6a:de:44:98:c3:c9:35:88:d7:e9:81:cc:f7:47 (RSA)
2230/tcp open  ssh     OpenSSH 5.3 (protocol 2.0)
| ssh-hostkey: 
|   1024 bc:92:50:82:82:bc:d0:ab:b8:a2:6f:34:bb:f7:fd:bd (DSA)
|_  2048 ea:63:6a:de:44:98:c3:c9:35:88:d7:e9:81:cc:f7:47 (RSA)
2231/tcp open  ssh     OpenSSH 5.3 (protocol 2.0)
| ssh-hostkey: 
|   1024 bc:92:50:82:82:bc:d0:ab:b8:a2:6f:34:bb:f7:fd:bd (DSA)
|_  2048 ea:63:6a:de:44:98:c3:c9:35:88:d7:e9:81:cc:f7:47 (RSA)
2232/tcp open  ssh     OpenSSH 5.3 (protocol 2.0)
| ssh-hostkey: 
|   1024 bc:92:50:82:82:bc:d0:ab:b8:a2:6f:34:bb:f7:fd:bd (DSA)
|_  2048 ea:63:6a:de:44:98:c3:c9:35:88:d7:e9:81:cc:f7:47 (RSA)
2233/tcp open  ssh     OpenSSH 5.3 (protocol 2.0)
| ssh-hostkey: 
|   1024 bc:92:50:82:82:bc:d0:ab:b8:a2:6f:34:bb:f7:fd:bd (DSA)
|_  2048 ea:63:6a:de:44:98:c3:c9:35:88:d7:e9:81:cc:f7:47 (RSA)
2234/tcp open  ssh     OpenSSH 5.3 (protocol 2.0)
| ssh-hostkey: 
|   1024 bc:92:50:82:82:bc:d0:ab:b8:a2:6f:34:bb:f7:fd:bd (DSA)
|_  2048 ea:63:6a:de:44:98:c3:c9:35:88:d7:e9:81:cc:f7:47 (RSA)
2235/tcp open  ssh     OpenSSH 5.3 (protocol 2.0)
| ssh-hostkey: 
|   1024 bc:92:50:82:82:bc:d0:ab:b8:a2:6f:34:bb:f7:fd:bd (DSA)
|_  2048 ea:63:6a:de:44:98:c3:c9:35:88:d7:e9:81:cc:f7:47 (RSA)
2236/tcp open  ssh     OpenSSH 5.3 (protocol 2.0)
| ssh-hostkey: 
|   1024 bc:92:50:82:82:bc:d0:ab:b8:a2:6f:34:bb:f7:fd:bd (DSA)
|_  2048 ea:63:6a:de:44:98:c3:c9:35:88:d7:e9:81:cc:f7:47 (RSA)
2237/tcp open  ssh     OpenSSH 5.3 (protocol 2.0)
| ssh-hostkey: 
|   1024 bc:92:50:82:82:bc:d0:ab:b8:a2:6f:34:bb:f7:fd:bd (DSA)
|_  2048 ea:63:6a:de:44:98:c3:c9:35:88:d7:e9:81:cc:f7:47 (RSA)
2238/tcp open  ssh     OpenSSH 5.3 (protocol 2.0)
| ssh-hostkey: 
|   1024 bc:92:50:82:82:bc:d0:ab:b8:a2:6f:34:bb:f7:fd:bd (DSA)
|_  2048 ea:63:6a:de:44:98:c3:c9:35:88:d7:e9:81:cc:f7:47 (RSA)
2239/tcp open  ssh     OpenSSH 5.3 (protocol 2.0)
| ssh-hostkey: 
|   1024 bc:92:50:82:82:bc:d0:ab:b8:a2:6f:34:bb:f7:fd:bd (DSA)
|_  2048 ea:63:6a:de:44:98:c3:c9:35:88:d7:e9:81:cc:f7:47 (RSA)
2240/tcp open  ssh     OpenSSH 5.3 (protocol 2.0)
| ssh-hostkey: 
|   1024 bc:92:50:82:82:bc:d0:ab:b8:a2:6f:34:bb:f7:fd:bd (DSA)
|_  2048 ea:63:6a:de:44:98:c3:c9:35:88:d7:e9:81:cc:f7:47 (RSA)
2241/tcp open  ssh     OpenSSH 5.3 (protocol 2.0)
| ssh-hostkey: 
|   1024 bc:92:50:82:82:bc:d0:ab:b8:a2:6f:34:bb:f7:fd:bd (DSA)
|_  2048 ea:63:6a:de:44:98:c3:c9:35:88:d7:e9:81:cc:f7:47 (RSA)
2242/tcp open  ssh     OpenSSH 5.3 (protocol 2.0)
| ssh-hostkey: 
|   1024 bc:92:50:82:82:bc:d0:ab:b8:a2:6f:34:bb:f7:fd:bd (DSA)
|_  2048 ea:63:6a:de:44:98:c3:c9:35:88:d7:e9:81:cc:f7:47 (RSA)
2243/tcp open  ssh     OpenSSH 5.3 (protocol 2.0)
| ssh-hostkey: 
|   1024 bc:92:50:82:82:bc:d0:ab:b8:a2:6f:34:bb:f7:fd:bd (DSA)
|_  2048 ea:63:6a:de:44:98:c3:c9:35:88:d7:e9:81:cc:f7:47 (RSA)
2244/tcp open  ssh     OpenSSH 5.3 (protocol 2.0)
| ssh-hostkey: 
|   1024 bc:92:50:82:82:bc:d0:ab:b8:a2:6f:34:bb:f7:fd:bd (DSA)
|_  2048 ea:63:6a:de:44:98:c3:c9:35:88:d7:e9:81:cc:f7:47 (RSA)
2245/tcp open  ssh     OpenSSH 5.3 (protocol 2.0)
| ssh-hostkey: 
|   1024 bc:92:50:82:82:bc:d0:ab:b8:a2:6f:34:bb:f7:fd:bd (DSA)
|_  2048 ea:63:6a:de:44:98:c3:c9:35:88:d7:e9:81:cc:f7:47 (RSA)
2246/tcp open  ssh     OpenSSH 5.3 (protocol 2.0)
| ssh-hostkey: 
|   1024 bc:92:50:82:82:bc:d0:ab:b8:a2:6f:34:bb:f7:fd:bd (DSA)
|_  2048 ea:63:6a:de:44:98:c3:c9:35:88:d7:e9:81:cc:f7:47 (RSA)
2247/tcp open  ssh     OpenSSH 5.3 (protocol 2.0)
| ssh-hostkey: 
|   1024 bc:92:50:82:82:bc:d0:ab:b8:a2:6f:34:bb:f7:fd:bd (DSA)
|_  2048 ea:63:6a:de:44:98:c3:c9:35:88:d7:e9:81:cc:f7:47 (RSA)
2248/tcp open  ssh     OpenSSH 5.3 (protocol 2.0)
| ssh-hostkey: 
|   1024 bc:92:50:82:82:bc:d0:ab:b8:a2:6f:34:bb:f7:fd:bd (DSA)
|_  2048 ea:63:6a:de:44:98:c3:c9:35:88:d7:e9:81:cc:f7:47 (RSA)
2249/tcp open  ssh     OpenSSH 5.3 (protocol 2.0)
| ssh-hostkey: 
|   1024 bc:92:50:82:82:bc:d0:ab:b8:a2:6f:34:bb:f7:fd:bd (DSA)
|_  2048 ea:63:6a:de:44:98:c3:c9:35:88:d7:e9:81:cc:f7:47 (RSA)
2250/tcp open  ssh     OpenSSH 5.3 (protocol 2.0)
| ssh-hostkey: 
|   1024 bc:92:50:82:82:bc:d0:ab:b8:a2:6f:34:bb:f7:fd:bd (DSA)
|_  2048 ea:63:6a:de:44:98:c3:c9:35:88:d7:e9:81:cc:f7:47 (RSA)
2251/tcp open  ssh     OpenSSH 5.3 (protocol 2.0)
| ssh-hostkey: 
|   1024 bc:92:50:82:82:bc:d0:ab:b8:a2:6f:34:bb:f7:fd:bd (DSA)
|_  2048 ea:63:6a:de:44:98:c3:c9:35:88:d7:e9:81:cc:f7:47 (RSA)
2252/tcp open  ssh     OpenSSH 5.3 (protocol 2.0)
| ssh-hostkey: 
|   1024 bc:92:50:82:82:bc:d0:ab:b8:a2:6f:34:bb:f7:fd:bd (DSA)
|_  2048 ea:63:6a:de:44:98:c3:c9:35:88:d7:e9:81:cc:f7:47 (RSA)
2253/tcp open  ssh     OpenSSH 5.3 (protocol 2.0)
| ssh-hostkey: 
|   1024 bc:92:50:82:82:bc:d0:ab:b8:a2:6f:34:bb:f7:fd:bd (DSA)
|_  2048 ea:63:6a:de:44:98:c3:c9:35:88:d7:e9:81:cc:f7:47 (RSA)
2254/tcp open  ssh     OpenSSH 5.3 (protocol 2.0)
| ssh-hostkey: 
|   1024 bc:92:50:82:82:bc:d0:ab:b8:a2:6f:34:bb:f7:fd:bd (DSA)
|_  2048 ea:63:6a:de:44:98:c3:c9:35:88:d7:e9:81:cc:f7:47 (RSA)
2255/tcp open  ssh     OpenSSH 5.3 (protocol 2.0)
| ssh-hostkey: 
|   1024 bc:92:50:82:82:bc:d0:ab:b8:a2:6f:34:bb:f7:fd:bd (DSA)
|_  2048 ea:63:6a:de:44:98:c3:c9:35:88:d7:e9:81:cc:f7:47 (RSA)
2256/tcp open  ssh     OpenSSH 5.3 (protocol 2.0)
| ssh-hostkey: 
|   1024 bc:92:50:82:82:bc:d0:ab:b8:a2:6f:34:bb:f7:fd:bd (DSA)
|_  2048 ea:63:6a:de:44:98:c3:c9:35:88:d7:e9:81:cc:f7:47 (RSA)
2257/tcp open  ssh     OpenSSH 5.3 (protocol 2.0)
| ssh-hostkey: 
|   1024 bc:92:50:82:82:bc:d0:ab:b8:a2:6f:34:bb:f7:fd:bd (DSA)
|_  2048 ea:63:6a:de:44:98:c3:c9:35:88:d7:e9:81:cc:f7:47 (RSA)
2258/tcp open  ssh     OpenSSH 5.3 (protocol 2.0)
| ssh-hostkey: 
|   1024 bc:92:50:82:82:bc:d0:ab:b8:a2:6f:34:bb:f7:fd:bd (DSA)
|_  2048 ea:63:6a:de:44:98:c3:c9:35:88:d7:e9:81:cc:f7:47 (RSA)
2259/tcp open  ssh     OpenSSH 5.3 (protocol 2.0)
| ssh-hostkey: 
|   1024 bc:92:50:82:82:bc:d0:ab:b8:a2:6f:34:bb:f7:fd:bd (DSA)
|_  2048 ea:63:6a:de:44:98:c3:c9:35:88:d7:e9:81:cc:f7:47 (RSA)
2260/tcp open  ssh     OpenSSH 5.3 (protocol 2.0)
| ssh-hostkey: 
|   1024 bc:92:50:82:82:bc:d0:ab:b8:a2:6f:34:bb:f7:fd:bd (DSA)
|_  2048 ea:63:6a:de:44:98:c3:c9:35:88:d7:e9:81:cc:f7:47 (RSA)
2261/tcp open  ssh     OpenSSH 5.3 (protocol 2.0)
| ssh-hostkey: 
|   1024 bc:92:50:82:82:bc:d0:ab:b8:a2:6f:34:bb:f7:fd:bd (DSA)
|_  2048 ea:63:6a:de:44:98:c3:c9:35:88:d7:e9:81:cc:f7:47 (RSA)
2262/tcp open  ssh     OpenSSH 5.3 (protocol 2.0)
| ssh-hostkey: 
|   1024 bc:92:50:82:82:bc:d0:ab:b8:a2:6f:34:bb:f7:fd:bd (DSA)
|_  2048 ea:63:6a:de:44:98:c3:c9:35:88:d7:e9:81:cc:f7:47 (RSA)
2263/tcp open  ssh     OpenSSH 5.3 (protocol 2.0)
| ssh-hostkey: 
|   1024 bc:92:50:82:82:bc:d0:ab:b8:a2:6f:34:bb:f7:fd:bd (DSA)
|_  2048 ea:63:6a:de:44:98:c3:c9:35:88:d7:e9:81:cc:f7:47 (RSA)
2264/tcp open  ssh     OpenSSH 5.3 (protocol 2.0)
| ssh-hostkey: 
|   1024 bc:92:50:82:82:bc:d0:ab:b8:a2:6f:34:bb:f7:fd:bd (DSA)
|_  2048 ea:63:6a:de:44:98:c3:c9:35:88:d7:e9:81:cc:f7:47 (RSA)
2265/tcp open  ssh     OpenSSH 5.3 (protocol 2.0)
| ssh-hostkey: 
|   1024 bc:92:50:82:82:bc:d0:ab:b8:a2:6f:34:bb:f7:fd:bd (DSA)
|_  2048 ea:63:6a:de:44:98:c3:c9:35:88:d7:e9:81:cc:f7:47 (RSA)
2266/tcp open  ssh     OpenSSH 5.3 (protocol 2.0)
| ssh-hostkey: 
|   1024 bc:92:50:82:82:bc:d0:ab:b8:a2:6f:34:bb:f7:fd:bd (DSA)
|_  2048 ea:63:6a:de:44:98:c3:c9:35:88:d7:e9:81:cc:f7:47 (RSA)
2267/tcp open  ssh     OpenSSH 5.3 (protocol 2.0)
| ssh-hostkey: 
|   1024 bc:92:50:82:82:bc:d0:ab:b8:a2:6f:34:bb:f7:fd:bd (DSA)
|_  2048 ea:63:6a:de:44:98:c3:c9:35:88:d7:e9:81:cc:f7:47 (RSA)
2268/tcp open  ssh     OpenSSH 5.3 (protocol 2.0)
| ssh-hostkey: 
|   1024 bc:92:50:82:82:bc:d0:ab:b8:a2:6f:34:bb:f7:fd:bd (DSA)
|_  2048 ea:63:6a:de:44:98:c3:c9:35:88:d7:e9:81:cc:f7:47 (RSA)
2269/tcp open  ssh     OpenSSH 5.3 (protocol 2.0)
| ssh-hostkey: 
|   1024 bc:92:50:82:82:bc:d0:ab:b8:a2:6f:34:bb:f7:fd:bd (DSA)
|_  2048 ea:63:6a:de:44:98:c3:c9:35:88:d7:e9:81:cc:f7:47 (RSA)
2270/tcp open  ssh     OpenSSH 5.3 (protocol 2.0)
| ssh-hostkey: 
|   1024 bc:92:50:82:82:bc:d0:ab:b8:a2:6f:34:bb:f7:fd:bd (DSA)
|_  2048 ea:63:6a:de:44:98:c3:c9:35:88:d7:e9:81:cc:f7:47 (RSA)
2271/tcp open  ssh     OpenSSH 5.3 (protocol 2.0)
| ssh-hostkey: 
|   1024 bc:92:50:82:82:bc:d0:ab:b8:a2:6f:34:bb:f7:fd:bd (DSA)
|_  2048 ea:63:6a:de:44:98:c3:c9:35:88:d7:e9:81:cc:f7:47 (RSA)
2272/tcp open  ssh     OpenSSH 5.3 (protocol 2.0)
| ssh-hostkey: 
|   1024 bc:92:50:82:82:bc:d0:ab:b8:a2:6f:34:bb:f7:fd:bd (DSA)
|_  2048 ea:63:6a:de:44:98:c3:c9:35:88:d7:e9:81:cc:f7:47 (RSA)
2273/tcp open  ssh     OpenSSH 5.3 (protocol 2.0)
| ssh-hostkey: 
|   1024 bc:92:50:82:82:bc:d0:ab:b8:a2:6f:34:bb:f7:fd:bd (DSA)
|_  2048 ea:63:6a:de:44:98:c3:c9:35:88:d7:e9:81:cc:f7:47 (RSA)
2274/tcp open  ssh     OpenSSH 5.3 (protocol 2.0)
| ssh-hostkey: 
|   1024 bc:92:50:82:82:bc:d0:ab:b8:a2:6f:34:bb:f7:fd:bd (DSA)
|_  2048 ea:63:6a:de:44:98:c3:c9:35:88:d7:e9:81:cc:f7:47 (RSA)
2275/tcp open  ssh     OpenSSH 5.3 (protocol 2.0)
| ssh-hostkey: 
|   1024 bc:92:50:82:82:bc:d0:ab:b8:a2:6f:34:bb:f7:fd:bd (DSA)
|_  2048 ea:63:6a:de:44:98:c3:c9:35:88:d7:e9:81:cc:f7:47 (RSA)
2276/tcp open  ssh     OpenSSH 5.3 (protocol 2.0)
| ssh-hostkey: 
|   1024 bc:92:50:82:82:bc:d0:ab:b8:a2:6f:34:bb:f7:fd:bd (DSA)
|_  2048 ea:63:6a:de:44:98:c3:c9:35:88:d7:e9:81:cc:f7:47 (RSA)
2277/tcp open  ssh     OpenSSH 5.3 (protocol 2.0)
| ssh-hostkey: 
|   1024 bc:92:50:82:82:bc:d0:ab:b8:a2:6f:34:bb:f7:fd:bd (DSA)
|_  2048 ea:63:6a:de:44:98:c3:c9:35:88:d7:e9:81:cc:f7:47 (RSA)
2278/tcp open  ssh     OpenSSH 5.3 (protocol 2.0)
| ssh-hostkey: 
|   1024 bc:92:50:82:82:bc:d0:ab:b8:a2:6f:34:bb:f7:fd:bd (DSA)
|_  2048 ea:63:6a:de:44:98:c3:c9:35:88:d7:e9:81:cc:f7:47 (RSA)
2279/tcp open  ssh     OpenSSH 5.3 (protocol 2.0)
| ssh-hostkey: 
|   1024 bc:92:50:82:82:bc:d0:ab:b8:a2:6f:34:bb:f7:fd:bd (DSA)
|_  2048 ea:63:6a:de:44:98:c3:c9:35:88:d7:e9:81:cc:f7:47 (RSA)
2280/tcp open  ssh     OpenSSH 5.3 (protocol 2.0)
| ssh-hostkey: 
|   1024 bc:92:50:82:82:bc:d0:ab:b8:a2:6f:34:bb:f7:fd:bd (DSA)
|_  2048 ea:63:6a:de:44:98:c3:c9:35:88:d7:e9:81:cc:f7:47 (RSA)
2281/tcp open  ssh     OpenSSH 5.3 (protocol 2.0)
| ssh-hostkey: 
|   1024 bc:92:50:82:82:bc:d0:ab:b8:a2:6f:34:bb:f7:fd:bd (DSA)
|_  2048 ea:63:6a:de:44:98:c3:c9:35:88:d7:e9:81:cc:f7:47 (RSA)
2282/tcp open  ssh     OpenSSH 5.3 (protocol 2.0)
| ssh-hostkey: 
|   1024 bc:92:50:82:82:bc:d0:ab:b8:a2:6f:34:bb:f7:fd:bd (DSA)
|_  2048 ea:63:6a:de:44:98:c3:c9:35:88:d7:e9:81:cc:f7:47 (RSA)
2283/tcp open  ssh     OpenSSH 5.3 (protocol 2.0)
| ssh-hostkey: 
|   1024 bc:92:50:82:82:bc:d0:ab:b8:a2:6f:34:bb:f7:fd:bd (DSA)
|_  2048 ea:63:6a:de:44:98:c3:c9:35:88:d7:e9:81:cc:f7:47 (RSA)
2284/tcp open  ssh     OpenSSH 5.3 (protocol 2.0)
| ssh-hostkey: 
|   1024 bc:92:50:82:82:bc:d0:ab:b8:a2:6f:34:bb:f7:fd:bd (DSA)
|_  2048 ea:63:6a:de:44:98:c3:c9:35:88:d7:e9:81:cc:f7:47 (RSA)
2285/tcp open  ssh     OpenSSH 5.3 (protocol 2.0)
| ssh-hostkey: 
|   1024 bc:92:50:82:82:bc:d0:ab:b8:a2:6f:34:bb:f7:fd:bd (DSA)
|_  2048 ea:63:6a:de:44:98:c3:c9:35:88:d7:e9:81:cc:f7:47 (RSA)
2286/tcp open  ssh     OpenSSH 5.3 (protocol 2.0)
| ssh-hostkey: 
|   1024 bc:92:50:82:82:bc:d0:ab:b8:a2:6f:34:bb:f7:fd:bd (DSA)
|_  2048 ea:63:6a:de:44:98:c3:c9:35:88:d7:e9:81:cc:f7:47 (RSA)
2287/tcp open  ssh     OpenSSH 5.3 (protocol 2.0)
| ssh-hostkey: 
|   1024 bc:92:50:82:82:bc:d0:ab:b8:a2:6f:34:bb:f7:fd:bd (DSA)
|_  2048 ea:63:6a:de:44:98:c3:c9:35:88:d7:e9:81:cc:f7:47 (RSA)
2288/tcp open  ssh     OpenSSH 5.3 (protocol 2.0)
| ssh-hostkey: 
|   1024 bc:92:50:82:82:bc:d0:ab:b8:a2:6f:34:bb:f7:fd:bd (DSA)
|_  2048 ea:63:6a:de:44:98:c3:c9:35:88:d7:e9:81:cc:f7:47 (RSA)
2289/tcp open  ssh     OpenSSH 5.3 (protocol 2.0)
| ssh-hostkey: 
|   1024 bc:92:50:82:82:bc:d0:ab:b8:a2:6f:34:bb:f7:fd:bd (DSA)
|_  2048 ea:63:6a:de:44:98:c3:c9:35:88:d7:e9:81:cc:f7:47 (RSA)
2290/tcp open  ssh     OpenSSH 5.3 (protocol 2.0)
| ssh-hostkey: 
|   1024 bc:92:50:82:82:bc:d0:ab:b8:a2:6f:34:bb:f7:fd:bd (DSA)
|_  2048 ea:63:6a:de:44:98:c3:c9:35:88:d7:e9:81:cc:f7:47 (RSA)
2291/tcp open  ssh     OpenSSH 5.3 (protocol 2.0)
| ssh-hostkey: 
|   1024 bc:92:50:82:82:bc:d0:ab:b8:a2:6f:34:bb:f7:fd:bd (DSA)
|_  2048 ea:63:6a:de:44:98:c3:c9:35:88:d7:e9:81:cc:f7:47 (RSA)
2292/tcp open  ssh     OpenSSH 5.3 (protocol 2.0)
| ssh-hostkey: 
|   1024 bc:92:50:82:82:bc:d0:ab:b8:a2:6f:34:bb:f7:fd:bd (DSA)
|_  2048 ea:63:6a:de:44:98:c3:c9:35:88:d7:e9:81:cc:f7:47 (RSA)
2293/tcp open  ssh     OpenSSH 5.3 (protocol 2.0)
| ssh-hostkey: 
|   1024 bc:92:50:82:82:bc:d0:ab:b8:a2:6f:34:bb:f7:fd:bd (DSA)
|_  2048 ea:63:6a:de:44:98:c3:c9:35:88:d7:e9:81:cc:f7:47 (RSA)
2294/tcp open  ssh     OpenSSH 5.3 (protocol 2.0)
| ssh-hostkey: 
|   1024 bc:92:50:82:82:bc:d0:ab:b8:a2:6f:34:bb:f7:fd:bd (DSA)
|_  2048 ea:63:6a:de:44:98:c3:c9:35:88:d7:e9:81:cc:f7:47 (RSA)
2295/tcp open  ssh     OpenSSH 5.3 (protocol 2.0)
| ssh-hostkey: 
|   1024 bc:92:50:82:82:bc:d0:ab:b8:a2:6f:34:bb:f7:fd:bd (DSA)
|_  2048 ea:63:6a:de:44:98:c3:c9:35:88:d7:e9:81:cc:f7:47 (RSA)
2296/tcp open  ssh     OpenSSH 5.3 (protocol 2.0)
| ssh-hostkey: 
|   1024 bc:92:50:82:82:bc:d0:ab:b8:a2:6f:34:bb:f7:fd:bd (DSA)
|_  2048 ea:63:6a:de:44:98:c3:c9:35:88:d7:e9:81:cc:f7:47 (RSA)
2297/tcp open  ssh     OpenSSH 5.3 (protocol 2.0)
| ssh-hostkey: 
|   1024 bc:92:50:82:82:bc:d0:ab:b8:a2:6f:34:bb:f7:fd:bd (DSA)
|_  2048 ea:63:6a:de:44:98:c3:c9:35:88:d7:e9:81:cc:f7:47 (RSA)
2298/tcp open  ssh     OpenSSH 5.3 (protocol 2.0)
| ssh-hostkey: 
|   1024 bc:92:50:82:82:bc:d0:ab:b8:a2:6f:34:bb:f7:fd:bd (DSA)
|_  2048 ea:63:6a:de:44:98:c3:c9:35:88:d7:e9:81:cc:f7:47 (RSA)
2299/tcp open  ssh     OpenSSH 5.3 (protocol 2.0)
| ssh-hostkey: 
|   1024 bc:92:50:82:82:bc:d0:ab:b8:a2:6f:34:bb:f7:fd:bd (DSA)
|_  2048 ea:63:6a:de:44:98:c3:c9:35:88:d7:e9:81:cc:f7:47 (RSA)
MAC Address: 00:0C:29:8D:99:C1 (VMware)
Warning: OSScan results may be unreliable because we could not find at least 1 open and 1 closed port
Device type: general purpose
Running: Linux 2.6.X|3.X
OS CPE: cpe:/o:linux:linux_kernel:2.6 cpe:/o:linux:linux_kernel:3
OS details: Linux 2.6.32 - 3.10
Network Distance: 1 hop

TRACEROUTE
HOP RTT     ADDRESS
1   0.18 ms 192.168.2.66

OS and Service detection performed. Please report any incorrect results at http://nmap.org/submit/ .
Nmap done: 1 IP address (1 host up) scanned in 142.54 seconds
root@kali:~# 
