root@kali:~# nmap -n -sV -p9097-9110 192.168.2.66

Starting Nmap 6.47 ( http://nmap.org ) at 2015-08-26 20:55 JST
Nmap scan report for 192.168.2.66
Host is up (0.000098s latency).
PORT     STATE SERVICE    VERSION
9097/tcp open  ssh        OpenSSH 5.3 (protocol 2.0)
9098/tcp open  ssh        OpenSSH 5.3 (protocol 2.0)
9099/tcp open  ssh        OpenSSH 5.3 (protocol 2.0)
9100/tcp open  jetdirect?
9101/tcp open  jetdirect?
9102/tcp open  jetdirect?
9103/tcp open  jetdirect?
9104/tcp open  jetdirect?
9105/tcp open  jetdirect?
9106/tcp open  jetdirect?
9107/tcp open  jetdirect?
9108/tcp open  ssh        OpenSSH 5.3 (protocol 2.0)
9109/tcp open  ssh        OpenSSH 5.3 (protocol 2.0)
9110/tcp open  ssh        OpenSSH 5.3 (protocol 2.0)
MAC Address: 00:0C:29:8D:99:C1 (VMware)

Service detection performed. Please report any incorrect results at http://nmap.org/submit/ .
Nmap done: 1 IP address (1 host up) scanned in 0.13 seconds
root@kali:~#
root@kali:~# nmap -n -sV -p9097-9110 --allports 192.168.2.66

Starting Nmap 6.47 ( http://nmap.org ) at 2015-08-26 20:55 JST
Nmap scan report for 192.168.2.66
Host is up (0.000092s latency).
PORT     STATE SERVICE VERSION
9097/tcp open  ssh     OpenSSH 5.3 (protocol 2.0)
9098/tcp open  ssh     OpenSSH 5.3 (protocol 2.0)
9099/tcp open  ssh     OpenSSH 5.3 (protocol 2.0)
9100/tcp open  ssh     OpenSSH 5.3 (protocol 2.0)
9101/tcp open  ssh     OpenSSH 5.3 (protocol 2.0)
9102/tcp open  ssh     OpenSSH 5.3 (protocol 2.0)
9103/tcp open  ssh     OpenSSH 5.3 (protocol 2.0)
9104/tcp open  ssh     OpenSSH 5.3 (protocol 2.0)
9105/tcp open  ssh     OpenSSH 5.3 (protocol 2.0)
9106/tcp open  ssh     OpenSSH 5.3 (protocol 2.0)
9107/tcp open  ssh     OpenSSH 5.3 (protocol 2.0)
9108/tcp open  ssh     OpenSSH 5.3 (protocol 2.0)
9109/tcp open  ssh     OpenSSH 5.3 (protocol 2.0)
9110/tcp open  ssh     OpenSSH 5.3 (protocol 2.0)
MAC Address: 00:0C:29:8D:99:C1 (VMware)

Service detection performed. Please report any incorrect results at http://nmap.org/submit/ .
Nmap done: 1 IP address (1 host up) scanned in 0.15 seconds
root@kali:~# nmap -n -A -p9097-9110 192.168.2.66

Starting Nmap 6.47 ( http://nmap.org ) at 2015-08-26 20:56 JST
Nmap scan report for 192.168.2.66
Host is up (0.00016s latency).
PORT     STATE SERVICE    VERSION
9097/tcp open  ssh        OpenSSH 5.3 (protocol 2.0)
| ssh-hostkey:
|   1024 bc:92:50:82:82:bc:d0:ab:b8:a2:6f:34:bb:f7:fd:bd (DSA)
|_  2048 ea:63:6a:de:44:98:c3:c9:35:88:d7:e9:81:cc:f7:47 (RSA)
9098/tcp open  ssh        OpenSSH 5.3 (protocol 2.0)
| ssh-hostkey:
|   1024 bc:92:50:82:82:bc:d0:ab:b8:a2:6f:34:bb:f7:fd:bd (DSA)
|_  2048 ea:63:6a:de:44:98:c3:c9:35:88:d7:e9:81:cc:f7:47 (RSA)
9099/tcp open  ssh        OpenSSH 5.3 (protocol 2.0)
| ssh-hostkey:
|   1024 bc:92:50:82:82:bc:d0:ab:b8:a2:6f:34:bb:f7:fd:bd (DSA)
|_  2048 ea:63:6a:de:44:98:c3:c9:35:88:d7:e9:81:cc:f7:47 (RSA)
9100/tcp open  jetdirect?
9101/tcp open  jetdirect?
9102/tcp open  jetdirect?
9103/tcp open  jetdirect?
9104/tcp open  jetdirect?
9105/tcp open  jetdirect?
9106/tcp open  jetdirect?
9107/tcp open  jetdirect?
9108/tcp open  ssh        OpenSSH 5.3 (protocol 2.0)
| ssh-hostkey:
|   1024 bc:92:50:82:82:bc:d0:ab:b8:a2:6f:34:bb:f7:fd:bd (DSA)
|_  2048 ea:63:6a:de:44:98:c3:c9:35:88:d7:e9:81:cc:f7:47 (RSA)
9109/tcp open  ssh        OpenSSH 5.3 (protocol 2.0)
| ssh-hostkey:
|   1024 bc:92:50:82:82:bc:d0:ab:b8:a2:6f:34:bb:f7:fd:bd (DSA)
|_  2048 ea:63:6a:de:44:98:c3:c9:35:88:d7:e9:81:cc:f7:47 (RSA)
9110/tcp open  ssh        OpenSSH 5.3 (protocol 2.0)
| ssh-hostkey:
|   1024 bc:92:50:82:82:bc:d0:ab:b8:a2:6f:34:bb:f7:fd:bd (DSA)
|_  2048 ea:63:6a:de:44:98:c3:c9:35:88:d7:e9:81:cc:f7:47 (RSA)
MAC Address: 00:0C:29:8D:99:C1 (VMware)
Warning: OSScan results may be unreliable because we could not find at least 1 open and 1 closed port
Device type: general purpose
Running: Linux 2.6.X|3.X
OS CPE: cpe:/o:linux:linux_kernel:2.6 cpe:/o:linux:linux_kernel:3
OS details: Linux 2.6.32 - 3.10
Network Distance: 1 hop

TRACEROUTE
HOP RTT     ADDRESS
1   0.16 ms 192.168.2.66

OS and Service detection performed. Please report any incorrect results at http://nmap.org/submit/ .
Nmap done: 1 IP address (1 host up) scanned in 2.30 seconds
root@kali:~#

