root@kali:~# nmap -n -A -p0-65535 192.168.2.66

Starting Nmap 6.47 ( http://nmap.org ) at 2015-08-19 05:09 JST
Nmap scan report for 192.168.2.66
Host is up (0.00019s latency).
Not shown: 65533 filtered ports
PORT     STATE SERVICE VERSION
22/tcp   open  ssh     OpenSSH 5.1p1 Debian 5 (protocol 2.0)
| ssh-hostkey: 
|   1024 df:3a:e5:f7:21:f5:f3:e9:2e:c1:f4:3c:2b:37:f3:75 (DSA)
|_  2048 16:3b:4d:4b:8b:0f:b2:4a:26:75:2d:49:31:31:11:7f (RSA)
2222/tcp open  ssh     OpenSSH 5.1p1 Debian 5 (protocol 2.0)
| ssh-hostkey: 
|   1024 df:3a:e5:f7:21:f5:f3:e9:2e:c1:f4:3c:2b:37:f3:75 (DSA)
|_  2048 16:3b:4d:4b:8b:0f:b2:4a:26:75:2d:49:31:31:11:7f (RSA)
2245/tcp open  ssh     OpenSSH 5.3 (protocol 2.0)
| ssh-hostkey: 
|   1024 bc:92:50:82:82:bc:d0:ab:b8:a2:6f:34:bb:f7:fd:bd (DSA)
|_  2048 ea:63:6a:de:44:98:c3:c9:35:88:d7:e9:81:cc:f7:47 (RSA)
MAC Address: 00:0C:29:8D:99:C1 (VMware)
Warning: OSScan results may be unreliable because we could not find at least 1 open and 1 closed port
Device type: general purpose
Running: Linux 2.6.X|3.X
OS CPE: cpe:/o:linux:linux_kernel:2.6 cpe:/o:linux:linux_kernel:3
OS details: Linux 2.6.32 - 3.10
Network Distance: 1 hop
Service Info: OS: Linux; CPE: cpe:/o:linux:linux_kernel

TRACEROUTE
HOP RTT     ADDRESS
1   0.19 ms 192.168.2.66

OS and Service detection performed. Please report any incorrect results at http://nmap.org/submit/ .
Nmap done: 1 IP address (1 host up) scanned in 161.73 seconds
root@kali:~# 
